<?xml version="1.0" encoding="UTF-8"?>
<testsuite name="com.example.rate_limiter.RateLimiterApplicationTests" tests="3" skipped="0" failures="0" errors="0" timestamp="2025-05-22T20:47:46.343Z" hostname="KUJU-DEL-01" time="0.483">
  <properties/>
  <testcase name="concurrencyTest_allowAndRateLimitCounts()" classname="com.example.rate_limiter.RateLimiterApplicationTests" time="0.417"/>
  <testcase name="allowRequest_shouldAllowWithinLimit()" classname="com.example.rate_limiter.RateLimiterApplicationTests" time="0.021"/>
  <testcase name="allowRequest_shouldRejectWhenLimitExceeded()" classname="com.example.rate_limiter.RateLimiterApplicationTests" time="0.023"/>
  <system-out><![CDATA[02:17:38.306 [Test worker] INFO org.springframework.test.context.support.AnnotationConfigContextLoaderUtils -- Could not detect default configuration classes for test class [com.example.rate_limiter.RateLimiterApplicationTests]: RateLimiterApplicationTests does not declare any static, non-private, non-final, nested classes annotated with @Configuration.
02:17:38.666 [Test worker] INFO org.springframework.boot.test.context.SpringBootTestContextBootstrapper -- Found @SpringBootConfiguration com.example.rate_limiter.RateLimiterApplication for test class com.example.rate_limiter.RateLimiterApplicationTests

  .   ____          _            __ _ _
 /\\ / ___'_ __ _ _(_)_ __  __ _ \ \ \ \
( ( )\___ | '_ | '_| | '_ \/ _` | \ \ \ \
 \\/  ___)| |_)| | | | | || (_| |  ) ) ) )
  '  |____| .__|_| |_|_| |_\__, | / / / /
 =========|_|==============|___/=/_/_/_/

 :: Spring Boot ::                (v3.4.6)

2025-05-23T02:17:39.727+05:30  INFO 17848 --- [rate-limiter] [    Test worker] c.e.r.RateLimiterApplicationTests        : Starting RateLimiterApplicationTests using Java 17.0.7 with PID 17848 (started by kunal.juneja1 in C:\Users\kunal.juneja1\OneDrive\Documents\rate-limiter)
2025-05-23T02:17:39.730+05:30  INFO 17848 --- [rate-limiter] [    Test worker] c.e.r.RateLimiterApplicationTests        : No active profile set, falling back to 1 default profile: "default"
2025-05-23T02:17:41.108+05:30  INFO 17848 --- [rate-limiter] [    Test worker] .s.d.r.c.RepositoryConfigurationDelegate : Multiple Spring Data modules found, entering strict repository configuration mode
2025-05-23T02:17:41.116+05:30  INFO 17848 --- [rate-limiter] [    Test worker] .s.d.r.c.RepositoryConfigurationDelegate : Bootstrapping Spring Data Redis repositories in DEFAULT mode.
2025-05-23T02:17:41.197+05:30  INFO 17848 --- [rate-limiter] [    Test worker] .s.d.r.c.RepositoryConfigurationDelegate : Finished Spring Data repository scanning in 37 ms. Found 0 Redis repository interfaces.
2025-05-23T02:17:42.576+05:30  WARN 17848 --- [rate-limiter] [    Test worker] .s.s.UserDetailsServiceAutoConfiguration : 

Using generated security password: 5606cd70-fdd3-4429-abb8-0af3168dd952

This generated password is for development use only. Your security configuration must be updated before running your application in production.

2025-05-23T02:17:42.625+05:30  INFO 17848 --- [rate-limiter] [    Test worker] r$InitializeUserDetailsManagerConfigurer : Global AuthenticationManager configured with UserDetailsService bean with name inMemoryUserDetailsManager
2025-05-23T02:17:43.823+05:30  INFO 17848 --- [rate-limiter] [    Test worker] c.e.r.RateLimiterApplicationTests        : Started RateLimiterApplicationTests in 4.723 seconds (process running for 8.695)
Success Count: 100
Rate Limited Count: 50
]]></system-out>
  <system-err><![CDATA[]]></system-err>
</testsuite>
